(T00000000/00000000010e8b60.0002/00000000012d0228) P00000000/000000000108bb80.0003 11:09.30.858 [0000000000000001]  <always> [ERR] default_errorsink: unhandled exception: 
{stack-trace}: 4 frames:
0x7ffff59d9738  : ??? + 0x7ffff59d9738 in /home/dmarce1/packages/debug/lib/libhpxd.so.0
0x7ffff59ea32b  : ??? + 0x7ffff59ea32b in /home/dmarce1/packages/debug/lib/libhpxd.so.0
0x7ffff59e6358  : hpx::detail::backtrace(unsigned long) + 0x23 in /home/dmarce1/packages/debug/lib/libhpxd.so.0
0x7ffff59ea532  : boost::exception_ptr hpx::detail::get_exception<hpx::exception>(hpx::exception const&, std::string const&, std::string const&, long, std::string const&) + 0x9e in /home/dmarce1/packages/debug/lib/libhpxd.so.0
{env}: 128 entries:
  ArchType=x86_64
  BuildArtifactFileBaseName=${ProjName}
  BuildArtifactFileExt=
  BuildArtifactFileName=${ProjName}
  BuildArtifactFilePrefix=
  BuilderVersion=0.0.4
  CDTVersion=5.4.1.201302132326
  CFM_Is150=0
  CFM_IsGenSupported=true
  CFM_IsMPXSupported=true
  CFM_IsMicSupported=true
  CFM_IsOpenMPSupported=true
  CFM_IsTBBSupported=true
  CLUTTER_IM_MODULE=xim
  COLORTERM=gnome-terminal
  COLUMNS=80
  CPATH=/opt/intel/composer_xe_2015.0.090/ipp/include:/opt/intel/composer_xe_2015.0.090/mkl/include:/opt/intel/composer_xe_2015.0.090/tbb/include
  CWD=/home/dmarce1/workspace/fmmx/debug
  ConfigDescription=
  ConfigName=debug
  DBUS_SESSION_BUS_ADDRESS=unix:abstract=/tmp/dbus-mLnPdGcW9w
  DEFAULTS_PATH=/usr/share/gconf/gnome-classic.default.path
  DESKTOP_SESSION=gnome-classic
  DISPLAY=:0
  DirectoryDelimiter=/
  EclipseVersion=4.2.2.v201302041200
  GDBSERVER_MIC=/opt/intel/composer_xe_2015.0.090/debugger/gdb/target/mic/bin/gdbserver
  GDB_CROSS=/opt/intel/composer_xe_2015.0.090/debugger/gdb/intel64_mic/bin/gdb-mic
  GDMSESSION=gnome-classic
  GDM_LANG=en_US
  GNOME_DESKTOP_SESSION_ID=this-is-deprecated
  GNOME_KEYRING_CONTROL=/run/user/1000/keyring-2oLQjO
  GPG_AGENT_INFO=/run/user/1000/keyring-2oLQjO/gpg:0:1
  GTK_IM_MODULE=ibus
  GTK_MODULES=overlay-scrollbar:unity-gtk-module
  HOME=/home/dmarce1
  HostArchName=amd64
  HostOsName=Linux
  IM_CONFIG_PHASE=1
  INCLUDE=/opt/intel/composer_xe_2015.0.090/mkl/include
  INFOPATH=/opt/intel/composer_xe_2015.0.090/debugger/gdb/intel64/share/info/:/opt/intel/composer_xe_2015.0.090/debugger/gdb/intel64_mic/share/info/:/opt/intel/composer_xe_2015.0.090/debugger/gdb/intel64/share/info/:/opt/intel/composer_xe_2015.0.090/debugger/gdb/intel64_mic/share/info/
  INSTANCE=GNOME
  INTEL_LICENSE_FILE=/opt/intel/composer_xe_2015.0.090/licenses:/home/dmarce1/intel/licenses:/opt/intel/licenses
  INTEL_PYTHONHOME=/opt/intel/composer_xe_2015.0.090/debugger/python/intel64/
  IPPROOT=/opt/intel/composer_xe_2015.0.090/ipp
  IccPath=/opt/intel/composer_xe_2015.0.090/bin/intel64
  IccTargetArchList=x86_64
  IccVersion=15.0
  JOB=gnome-session
  LANG=en_US.UTF-8
  LANGUAGE=en_US
  LD_LIBRARY_PATH=/opt/intel/composer_xe_2015.0.090/compiler/lib/intel64:/opt/intel/composer_xe_2015.0.090/compiler/lib/mic:/opt/intel/composer_xe_2015.0.090/mpirt/lib/intel64:/opt/intel/composer_xe_2015.0.090/ipp/../compiler/lib/intel64:/opt/intel/composer_xe_2015.0.090/ipp/lib/intel64:/opt/intel/composer_xe_2015.0.090/mkl/lib/intel64:/opt/intel/composer_xe_2015.0.090/tbb/lib/intel64/gcc4.4:/home/dmarce1/packages/debug/lib
  LIBRARY_PATH=/opt/intel/composer_xe_2015.0.090/compiler/lib/intel64:/opt/intel/composer_xe_2015.0.090/ipp/../compiler/lib/intel64:/opt/intel/composer_xe_2015.0.090/ipp/lib/intel64:/opt/intel/composer_xe_2015.0.090/compiler/lib/intel64:/opt/intel/composer_xe_2015.0.090/mkl/lib/intel64:/opt/intel/composer_xe_2015.0.090/tbb/lib/intel64/gcc4.4
  LINES=24
  LOGNAME=dmarce1
  MANDATORY_PATH=/usr/share/gconf/gnome-classic.mandatory.path
  MANPATH=/opt/intel/composer_xe_2015.0.090/debugger/gdb/intel64/share/man/:/opt/intel/composer_xe_2015.0.090/debugger/gdb/intel64_mic/share/man/:/opt/intel/composer_xe_2015.0.090/man/en_US:/opt/intel/composer_xe_2015.0.090/man/en_US:/opt/intel/composer_xe_2015.0.090/debugger/gdb/intel64/share/man/:/opt/intel/composer_xe_2015.0.090/debugger/gdb/intel64_mic/share/man/
  MIC_LD_LIBRARY_PATH=/opt/intel/composer_xe_2015.0.090/compiler/lib/mic:/opt/intel/composer_xe_2015.0.090/mpirt/lib/mic:/opt/intel/composer_xe_2015.0.090/mkl/lib/mic:/opt/intel/composer_xe_2015.0.090/tbb/lib/mic
  MIC_LIBRARY_PATH=/opt/intel/composer_xe_2015.0.090/compiler/lib/mic:/opt/intel/composer_xe_2015.0.090/mpirt/lib/mic:/opt/intel/composer_xe_2015.0.090/tbb/lib/mic
  MKLROOT=/opt/intel/composer_xe_2015.0.090/mkl
  MPM_LAUNCHER=/opt/intel/composer_xe_2015.0.090/debugger/mpm/bin/start_mpm.sh
  NLSPATH=/opt/intel/composer_xe_2015.0.090/compiler/lib/intel64/locale/%l_%t/%N:/opt/intel/composer_xe_2015.0.090/debugger/gdb/intel64_mic/share/locale/%l_%t/%N:/opt/intel/composer_xe_2015.0.090/debugger/gdb/intel64/share/locale/%l_%t/%N:/opt/intel/composer_xe_2015.0.090/ipp/lib/intel64/locale/%l_%t/%N:/opt/intel/composer_xe_2015.0.090/mkl/lib/intel64/locale/%l_%t/%N:/opt/intel/composer_xe_2015.0.090/debugger/gdb/intel64_mic/share/locale/%l_%t/%N:/opt/intel/composer_xe_2015.0.090/debugger/gdb/intel64/share/locale/%l_%t/%N
  OsType=linux
  PATH=/opt/intel/composer_xe_2015.0.090/bin/intel64:/opt/intel/composer_xe_2015.0.090/bin/ia32_intel64:/opt/intel/composer_xe_2015.0.090/bin/intel64_mic:/opt/intel/composer_xe_2015.0.090/debugger/gdb/intel64_mic/bin:/opt/intel/composer_xe_2015.0.090/mpirt/bin/intel64:/opt/intel/composer_xe_2015.0.090/debugger/gdb/intel64_mic/bin:/usr/local/sbin:/usr/local/bin:/usr/sbin:/usr/bin:/sbin:/bin:/usr/games:/usr/local/games
  PKG_CONFIG_PATH=/home/dmarce1/packages/intel64/lib/pkgconfig:/home/dmarce1/packages/debug/lib/pkgconfig
  PWD=/home/dmarce1/workspace/fmmx
  PathDelimiter=:
  ProjDirPath=/home/dmarce1/workspace/fmmx
  ProjName=fmmx
  QT4_IM_MODULE=xim
  QT_IM_MODULE=ibus
  QT_QPA_PLATFORMTHEME=appmenu-qt5
  SELINUX_INIT=YES
  SESSIONTYPE=gnome-session
  SHELL=/bin/bash
  SHLVL=1
  SSH_AUTH_SOCK=/run/user/1000/keyring-2oLQjO/ssh
  TBBROOT=/opt/intel/composer_xe_2015.0.090/tbb
  TERM=xterm
  TEXTDOMAIN=im-config
  TEXTDOMAINDIR=/usr/share/locale/
  ToolChainVersion=0.0.4
  UBUNTU_MENUPROXY=1
  UPSTART_EVENTS=started starting
  UPSTART_INSTANCE=
  UPSTART_JOB=gnome-settings-daemon
  UPSTART_SESSION=unix:abstract=/com/ubuntu/upstart-session/1000/1268
  USER=dmarce1
  VTE_VERSION=3409
  WINDOWID=35651596
  WorkspaceDirPath=/home/dmarce1/workspace
  XAUTHORITY=/home/dmarce1/.Xauthority
  XDG_CONFIG_DIRS=/etc/xdg/xdg-gnome-classic:/usr/share/upstart/xdg:/etc/xdg
  XDG_CURRENT_DESKTOP=GNOME
  XDG_DATA_DIRS=/usr/share/gnome-classic:/usr/share/gnome:/usr/local/share/:/usr/share/
  XDG_GREETER_DATA_DIR=/var/lib/lightdm-data/dmarce1
  XDG_RUNTIME_DIR=/run/user/1000
  XDG_SEAT=seat0
  XDG_SEAT_PATH=/org/freedesktop/DisplayManager/Seat0
  XDG_SESSION_ID=c1
  XDG_SESSION_PATH=/org/freedesktop/DisplayManager/Session0
  XDG_VTNR=7
  XMODIFIERS=@im=ibus
  _=./eclipse/eclipse
  build_files=null
  build_project=null
  build_type=none
  cdt_pathentry_var=null
  config_description=null
  config_name=null
  eclipse_home=/home/dmarce1/eclipse/
  env_var=null
  git_branch=
  git_dir=
  git_repo_relative_path=
  git_work_tree=
  payload=""
  payload_args=""
  ptp_lc=
  ptp_rm=null
  selected_resource_loc=/home/dmarce1/workspace/fmmx/src/node_server.cpp
  selected_resource_name=node_server.cpp
  selected_resource_path=/fmmx/src/node_server.cpp
  system=null
  system_path=null
  system_property=null
  user_workspace=neutrino_dmarce1
  workspace_loc=/home/dmarce1/workspace
{locality-id}: 0
{hostname}: 127.0.0.1:0
{process-id}: 12512
{function}: managed_component<Component, Derived>::get_checked
{file}: /home/dmarce1/packages/debug/include/hpx/runtime/components/server/managed_component_base.hpp
{line}: 506
{os-thread}: 1, worker-thread#1
{thread-id}: 00000000010e8b60
{thread-description}: N3hpx7actions7action2IM11node_serverFvNS_4lcos6futureINSt7__debug6vectorIdSaIdEEEEElEXadL_ZNS2_12set_boundaryES9_lEENS0_6detail9this_typeEEE
{state}: running
{auxinfo}: 
{config}:
  HPX_HAVE_NATIVE_TLS=ON
  HPX_HAVE_STACKTRACES=ON
  HPX_HAVE_COMPRESSION_BZIP2=OFF
  HPX_HAVE_COMPRESSION_SNAPPY=OFF
  HPX_HAVE_COMPRESSION_ZLIB=OFF
  HPX_HAVE_PARCEL_COALESCING=ON
  HPX_PARCELPORT_IPC=OFF
  HPX_PARCELPORT_IBVERBS=OFF
  HPX_HAVE_VERIFY_LOCKS=ON
  HPX_HAVE_HWLOC=ON
  HPX_HAVE_ITTNOTIFY=OFF
  HPX_LIMIT=5
  HPX_ACTION_ARGUMENT_LIMIT=5
  HPX_COMPONENT_CREATE_ARGUMENT_LIMIT=5
  HPX_FUNCTION_ARGUMENT_LIMIT=8
  HPX_LOCK_LIMIT=5
  HPX_TUPLE_LIMIT=8
  HPX_WAIT_ARGUMENT_LIMIT=5
  HPX_PARCEL_MAX_CONNECTIONS=512
  HPX_PARCEL_MAX_CONNECTIONS_PER_LOCALITY=4
  HPX_INITIAL_AGAS_LOCAL_CACHE_SIZE=256
  HPX_AGAS_LOCAL_CACHE_SIZE_PER_THREAD=32
  HPX_PREFIX (configured)=/home/dmarce1/builds/hpx_build
  HPX_PREFIX=/home/dmarce1/packages/debug
{version}: V0.9.10-trunk (AGAS: V3.0), Git: baa5553ab9f3f77f48ed46783b847941c994237c
{boost}: V1.56.0
{build-type}: debug
{date}: Nov 13 2014 01:10:53
{platform}: linux
{compiler}: GNU C++ version 4.9.1
{stdlib}: GNU libstdc++ version 20140728
{what}: component is NULL (component[30]) gid({000000015f000001, 0000000000311045}): HPX(invalid_status)

(T00000000/00000000010f8ee0.0002/00000000012d0218) P00000000/00000000010ba5a0.0003 11:09.30.879 [0000000000000002]  <always> [ERR] default_errorsink: unhandled exception: 
{stack-trace}: 4 frames:
0x7ffff59d9738  : ??? + 0x7ffff59d9738 in /home/dmarce1/packages/debug/lib/libhpxd.so.0
0x7ffff59ea32b  : ??? + 0x7ffff59ea32b in /home/dmarce1/packages/debug/lib/libhpxd.so.0
0x7ffff59e6358  : hpx::detail::backtrace(unsigned long) + 0x23 in /home/dmarce1/packages/debug/lib/libhpxd.so.0
0x7ffff59ea532  : boost::exception_ptr hpx::detail::get_exception<hpx::exception>(hpx::exception const&, std::string const&, std::string const&, long, std::string const&) + 0x9e in /home/dmarce1/packages/debug/lib/libhpxd.so.0
{env}: 128 entries:
  ArchType=x86_64
  BuildArtifactFileBaseName=${ProjName}
  BuildArtifactFileExt=
  BuildArtifactFileName=${ProjName}
  BuildArtifactFilePrefix=
  BuilderVersion=0.0.4
  CDTVersion=5.4.1.201302132326
  CFM_Is150=0
  CFM_IsGenSupported=true
  CFM_IsMPXSupported=true
  CFM_IsMicSupported=true
  CFM_IsOpenMPSupported=true
  CFM_IsTBBSupported=true
  CLUTTER_IM_MODULE=xim
  COLORTERM=gnome-terminal
  COLUMNS=80
  CPATH=/opt/intel/composer_xe_2015.0.090/ipp/include:/opt/intel/composer_xe_2015.0.090/mkl/include:/opt/intel/composer_xe_2015.0.090/tbb/include
  CWD=/home/dmarce1/workspace/fmmx/debug
  ConfigDescription=
  ConfigName=debug
  DBUS_SESSION_BUS_ADDRESS=unix:abstract=/tmp/dbus-mLnPdGcW9w
  DEFAULTS_PATH=/usr/share/gconf/gnome-classic.default.path
  DESKTOP_SESSION=gnome-classic
  DISPLAY=:0
  DirectoryDelimiter=/
  EclipseVersion=4.2.2.v201302041200
  GDBSERVER_MIC=/opt/intel/composer_xe_2015.0.090/debugger/gdb/target/mic/bin/gdbserver
  GDB_CROSS=/opt/intel/composer_xe_2015.0.090/debugger/gdb/intel64_mic/bin/gdb-mic
  GDMSESSION=gnome-classic
  GDM_LANG=en_US
  GNOME_DESKTOP_SESSION_ID=this-is-deprecated
  GNOME_KEYRING_CONTROL=/run/user/1000/keyring-2oLQjO
  GPG_AGENT_INFO=/run/user/1000/keyring-2oLQjO/gpg:0:1
  GTK_IM_MODULE=ibus
  GTK_MODULES=overlay-scrollbar:unity-gtk-module
  HOME=/home/dmarce1
  HostArchName=amd64
  HostOsName=Linux
  IM_CONFIG_PHASE=1
  INCLUDE=/opt/intel/composer_xe_2015.0.090/mkl/include
  INFOPATH=/opt/intel/composer_xe_2015.0.090/debugger/gdb/intel64/share/info/:/opt/intel/composer_xe_2015.0.090/debugger/gdb/intel64_mic/share/info/:/opt/intel/composer_xe_2015.0.090/debugger/gdb/intel64/share/info/:/opt/intel/composer_xe_2015.0.090/debugger/gdb/intel64_mic/share/info/
  INSTANCE=GNOME
  INTEL_LICENSE_FILE=/opt/intel/composer_xe_2015.0.090/licenses:/home/dmarce1/intel/licenses:/opt/intel/licenses
  INTEL_PYTHONHOME=/opt/intel/composer_xe_2015.0.090/debugger/python/intel64/
  IPPROOT=/opt/intel/composer_xe_2015.0.090/ipp
  IccPath=/opt/intel/composer_xe_2015.0.090/bin/intel64
  IccTargetArchList=x86_64
  IccVersion=15.0
  JOB=gnome-session
  LANG=en_US.UTF-8
  LANGUAGE=en_US
  LD_LIBRARY_PATH=/opt/intel/composer_xe_2015.0.090/compiler/lib/intel64:/opt/intel/composer_xe_2015.0.090/compiler/lib/mic:/opt/intel/composer_xe_2015.0.090/mpirt/lib/intel64:/opt/intel/composer_xe_2015.0.090/ipp/../compiler/lib/intel64:/opt/intel/composer_xe_2015.0.090/ipp/lib/intel64:/opt/intel/composer_xe_2015.0.090/mkl/lib/intel64:/opt/intel/composer_xe_2015.0.090/tbb/lib/intel64/gcc4.4:/home/dmarce1/packages/debug/lib
  LIBRARY_PATH=/opt/intel/composer_xe_2015.0.090/compiler/lib/intel64:/opt/intel/composer_xe_2015.0.090/ipp/../compiler/lib/intel64:/opt/intel/composer_xe_2015.0.090/ipp/lib/intel64:/opt/intel/composer_xe_2015.0.090/compiler/lib/intel64:/opt/intel/composer_xe_2015.0.090/mkl/lib/intel64:/opt/intel/composer_xe_2015.0.090/tbb/lib/intel64/gcc4.4
  LINES=24
  LOGNAME=dmarce1
  MANDATORY_PATH=/usr/share/gconf/gnome-classic.mandatory.path
  MANPATH=/opt/intel/composer_xe_2015.0.090/debugger/gdb/intel64/share/man/:/opt/intel/composer_xe_2015.0.090/debugger/gdb/intel64_mic/share/man/:/opt/intel/composer_xe_2015.0.090/man/en_US:/opt/intel/composer_xe_2015.0.090/man/en_US:/opt/intel/composer_xe_2015.0.090/debugger/gdb/intel64/share/man/:/opt/intel/composer_xe_2015.0.090/debugger/gdb/intel64_mic/share/man/
  MIC_LD_LIBRARY_PATH=/opt/intel/composer_xe_2015.0.090/compiler/lib/mic:/opt/intel/composer_xe_2015.0.090/mpirt/lib/mic:/opt/intel/composer_xe_2015.0.090/mkl/lib/mic:/opt/intel/composer_xe_2015.0.090/tbb/lib/mic
  MIC_LIBRARY_PATH=/opt/intel/composer_xe_2015.0.090/compiler/lib/mic:/opt/intel/composer_xe_2015.0.090/mpirt/lib/mic:/opt/intel/composer_xe_2015.0.090/tbb/lib/mic
  MKLROOT=/opt/intel/composer_xe_2015.0.090/mkl
  MPM_LAUNCHER=/opt/intel/composer_xe_2015.0.090/debugger/mpm/bin/start_mpm.sh
  NLSPATH=/opt/intel/composer_xe_2015.0.090/compiler/lib/intel64/locale/%l_%t/%N:/opt/intel/composer_xe_2015.0.090/debugger/gdb/intel64_mic/share/locale/%l_%t/%N:/opt/intel/composer_xe_2015.0.090/debugger/gdb/intel64/share/locale/%l_%t/%N:/opt/intel/composer_xe_2015.0.090/ipp/lib/intel64/locale/%l_%t/%N:/opt/intel/composer_xe_2015.0.090/mkl/lib/intel64/locale/%l_%t/%N:/opt/intel/composer_xe_2015.0.090/debugger/gdb/intel64_mic/share/locale/%l_%t/%N:/opt/intel/composer_xe_2015.0.090/debugger/gdb/intel64/share/locale/%l_%t/%N
  OsType=linux
  PATH=/opt/intel/composer_xe_2015.0.090/bin/intel64:/opt/intel/composer_xe_2015.0.090/bin/ia32_intel64:/opt/intel/composer_xe_2015.0.090/bin/intel64_mic:/opt/intel/composer_xe_2015.0.090/debugger/gdb/intel64_mic/bin:/opt/intel/composer_xe_2015.0.090/mpirt/bin/intel64:/opt/intel/composer_xe_2015.0.090/debugger/gdb/intel64_mic/bin:/usr/local/sbin:/usr/local/bin:/usr/sbin:/usr/bin:/sbin:/bin:/usr/games:/usr/local/games
  PKG_CONFIG_PATH=/home/dmarce1/packages/intel64/lib/pkgconfig:/home/dmarce1/packages/debug/lib/pkgconfig
  PWD=/home/dmarce1/workspace/fmmx
  PathDelimiter=:
  ProjDirPath=/home/dmarce1/workspace/fmmx
  ProjName=fmmx
  QT4_IM_MODULE=xim
  QT_IM_MODULE=ibus
  QT_QPA_PLATFORMTHEME=appmenu-qt5
  SELINUX_INIT=YES
  SESSIONTYPE=gnome-session
  SHELL=/bin/bash
  SHLVL=1
  SSH_AUTH_SOCK=/run/user/1000/keyring-2oLQjO/ssh
  TBBROOT=/opt/intel/composer_xe_2015.0.090/tbb
  TERM=xterm
  TEXTDOMAIN=im-config
  TEXTDOMAINDIR=/usr/share/locale/
  ToolChainVersion=0.0.4
  UBUNTU_MENUPROXY=1
  UPSTART_EVENTS=started starting
  UPSTART_INSTANCE=
  UPSTART_JOB=gnome-settings-daemon
  UPSTART_SESSION=unix:abstract=/com/ubuntu/upstart-session/1000/1268
  USER=dmarce1
  VTE_VERSION=3409
  WINDOWID=35651596
  WorkspaceDirPath=/home/dmarce1/workspace
  XAUTHORITY=/home/dmarce1/.Xauthority
  XDG_CONFIG_DIRS=/etc/xdg/xdg-gnome-classic:/usr/share/upstart/xdg:/etc/xdg
  XDG_CURRENT_DESKTOP=GNOME
  XDG_DATA_DIRS=/usr/share/gnome-classic:/usr/share/gnome:/usr/local/share/:/usr/share/
  XDG_GREETER_DATA_DIR=/var/lib/lightdm-data/dmarce1
  XDG_RUNTIME_DIR=/run/user/1000
  XDG_SEAT=seat0
  XDG_SEAT_PATH=/org/freedesktop/DisplayManager/Seat0
  XDG_SESSION_ID=c1
  XDG_SESSION_PATH=/org/freedesktop/DisplayManager/Session0
  XDG_VTNR=7
  XMODIFIERS=@im=ibus
  _=./eclipse/eclipse
  build_files=null
  build_project=null
  build_type=none
  cdt_pathentry_var=null
  config_description=null
  config_name=null
  eclipse_home=/home/dmarce1/eclipse/
  env_var=null
  git_branch=
  git_dir=
  git_repo_relative_path=
  git_work_tree=
  payload=""
  payload_args=""
  ptp_lc=
  ptp_rm=null
  selected_resource_loc=/home/dmarce1/workspace/fmmx/src/node_server.cpp
  selected_resource_name=node_server.cpp
  selected_resource_path=/fmmx/src/node_server.cpp
  system=null
  system_path=null
  system_property=null
  user_workspace=neutrino_dmarce1
  workspace_loc=/home/dmarce1/workspace
{locality-id}: 0
{hostname}: 127.0.0.1:0
{process-id}: 12512
{function}: managed_component<Component, Derived>::get_checked
{file}: /home/dmarce1/packages/debug/include/hpx/runtime/components/server/managed_component_base.hpp
{line}: 506
{os-thread}: 2, worker-thread#2
{thread-id}: 00000000010f8ee0
{thread-description}: N3hpx7actions7action2IM11node_serverFvNS_4lcos6futureINSt7__debug6vectorIdSaIdEEEEElEXadL_ZNS2_12set_boundaryES9_lEENS0_6detail9this_typeEEE
{state}: running
{auxinfo}: 
{config}:
  HPX_HAVE_NATIVE_TLS=ON
  HPX_HAVE_STACKTRACES=ON
  HPX_HAVE_COMPRESSION_BZIP2=OFF
  HPX_HAVE_COMPRESSION_SNAPPY=OFF
  HPX_HAVE_COMPRESSION_ZLIB=OFF
  HPX_HAVE_PARCEL_COALESCING=ON
  HPX_PARCELPORT_IPC=OFF
  HPX_PARCELPORT_IBVERBS=OFF
  HPX_HAVE_VERIFY_LOCKS=ON
  HPX_HAVE_HWLOC=ON
  HPX_HAVE_ITTNOTIFY=OFF
  HPX_LIMIT=5
  HPX_ACTION_ARGUMENT_LIMIT=5
  HPX_COMPONENT_CREATE_ARGUMENT_LIMIT=5
  HPX_FUNCTION_ARGUMENT_LIMIT=8
  HPX_LOCK_LIMIT=5
  HPX_TUPLE_LIMIT=8
  HPX_WAIT_ARGUMENT_LIMIT=5
  HPX_PARCEL_MAX_CONNECTIONS=512
  HPX_PARCEL_MAX_CONNECTIONS_PER_LOCALITY=4
  HPX_INITIAL_AGAS_LOCAL_CACHE_SIZE=256
  HPX_AGAS_LOCAL_CACHE_SIZE_PER_THREAD=32
  HPX_PREFIX (configured)=/home/dmarce1/builds/hpx_build
  HPX_PREFIX=/home/dmarce1/packages/debug
{version}: V0.9.10-trunk (AGAS: V3.0), Git: baa5553ab9f3f77f48ed46783b847941c994237c
{boost}: V1.56.0
{build-type}: debug
{date}: Nov 13 2014 01:10:53
{platform}: linux
{compiler}: GNU C++ version 4.9.1
{stdlib}: GNU libstdc++ version 20140728
{what}: component is NULL (component[30]) gid({000000015f000001, 0000000000311043}): HPX(invalid_status)

(T00000000/0000000001110ee0.0002/00000000012d0228) P00000000/00000000010ba5a0.0003 11:09.30.924 [0000000000000003]  <always> [ERR] default_errorsink: unhandled exception: 
{stack-trace}: 4 frames:
0x7ffff59d9738  : ??? + 0x7ffff59d9738 in /home/dmarce1/packages/debug/lib/libhpxd.so.0
0x7ffff59ea32b  : ??? + 0x7ffff59ea32b in /home/dmarce1/packages/debug/lib/libhpxd.so.0
0x7ffff59e6358  : hpx::detail::backtrace(unsigned long) + 0x23 in /home/dmarce1/packages/debug/lib/libhpxd.so.0
0x7ffff59ea532  : boost::exception_ptr hpx::detail::get_exception<hpx::exception>(hpx::exception const&, std::string const&, std::string const&, long, std::string const&) + 0x9e in /home/dmarce1/packages/debug/lib/libhpxd.so.0
{env}: 128 entries:
  ArchType=x86_64
  BuildArtifactFileBaseName=${ProjName}
  BuildArtifactFileExt=
  BuildArtifactFileName=${ProjName}
  BuildArtifactFilePrefix=
  BuilderVersion=0.0.4
  CDTVersion=5.4.1.201302132326
  CFM_Is150=0
  CFM_IsGenSupported=true
  CFM_IsMPXSupported=true
  CFM_IsMicSupported=true
  CFM_IsOpenMPSupported=true
  CFM_IsTBBSupported=true
  CLUTTER_IM_MODULE=xim
  COLORTERM=gnome-terminal
  COLUMNS=80
  CPATH=/opt/intel/composer_xe_2015.0.090/ipp/include:/opt/intel/composer_xe_2015.0.090/mkl/include:/opt/intel/composer_xe_2015.0.090/tbb/include
  CWD=/home/dmarce1/workspace/fmmx/debug
  ConfigDescription=
  ConfigName=debug
  DBUS_SESSION_BUS_ADDRESS=unix:abstract=/tmp/dbus-mLnPdGcW9w
  DEFAULTS_PATH=/usr/share/gconf/gnome-classic.default.path
  DESKTOP_SESSION=gnome-classic
  DISPLAY=:0
  DirectoryDelimiter=/
  EclipseVersion=4.2.2.v201302041200
  GDBSERVER_MIC=/opt/intel/composer_xe_2015.0.090/debugger/gdb/target/mic/bin/gdbserver
  GDB_CROSS=/opt/intel/composer_xe_2015.0.090/debugger/gdb/intel64_mic/bin/gdb-mic
  GDMSESSION=gnome-classic
  GDM_LANG=en_US
  GNOME_DESKTOP_SESSION_ID=this-is-deprecated
  GNOME_KEYRING_CONTROL=/run/user/1000/keyring-2oLQjO
  GPG_AGENT_INFO=/run/user/1000/keyring-2oLQjO/gpg:0:1
  GTK_IM_MODULE=ibus
  GTK_MODULES=overlay-scrollbar:unity-gtk-module
  HOME=/home/dmarce1
  HostArchName=amd64
  HostOsName=Linux
  IM_CONFIG_PHASE=1
  INCLUDE=/opt/intel/composer_xe_2015.0.090/mkl/include
  INFOPATH=/opt/intel/composer_xe_2015.0.090/debugger/gdb/intel64/share/info/:/opt/intel/composer_xe_2015.0.090/debugger/gdb/intel64_mic/share/info/:/opt/intel/composer_xe_2015.0.090/debugger/gdb/intel64/share/info/:/opt/intel/composer_xe_2015.0.090/debugger/gdb/intel64_mic/share/info/
  INSTANCE=GNOME
  INTEL_LICENSE_FILE=/opt/intel/composer_xe_2015.0.090/licenses:/home/dmarce1/intel/licenses:/opt/intel/licenses
  INTEL_PYTHONHOME=/opt/intel/composer_xe_2015.0.090/debugger/python/intel64/
  IPPROOT=/opt/intel/composer_xe_2015.0.090/ipp
  IccPath=/opt/intel/composer_xe_2015.0.090/bin/intel64
  IccTargetArchList=x86_64
  IccVersion=15.0
  JOB=gnome-session
  LANG=en_US.UTF-8
  LANGUAGE=en_US
  LD_LIBRARY_PATH=/opt/intel/composer_xe_2015.0.090/compiler/lib/intel64:/opt/intel/composer_xe_2015.0.090/compiler/lib/mic:/opt/intel/composer_xe_2015.0.090/mpirt/lib/intel64:/opt/intel/composer_xe_2015.0.090/ipp/../compiler/lib/intel64:/opt/intel/composer_xe_2015.0.090/ipp/lib/intel64:/opt/intel/composer_xe_2015.0.090/mkl/lib/intel64:/opt/intel/composer_xe_2015.0.090/tbb/lib/intel64/gcc4.4:/home/dmarce1/packages/debug/lib
  LIBRARY_PATH=/opt/intel/composer_xe_2015.0.090/compiler/lib/intel64:/opt/intel/composer_xe_2015.0.090/ipp/../compiler/lib/intel64:/opt/intel/composer_xe_2015.0.090/ipp/lib/intel64:/opt/intel/composer_xe_2015.0.090/compiler/lib/intel64:/opt/intel/composer_xe_2015.0.090/mkl/lib/intel64:/opt/intel/composer_xe_2015.0.090/tbb/lib/intel64/gcc4.4
  LINES=24
  LOGNAME=dmarce1
  MANDATORY_PATH=/usr/share/gconf/gnome-classic.mandatory.path
  MANPATH=/opt/intel/composer_xe_2015.0.090/debugger/gdb/intel64/share/man/:/opt/intel/composer_xe_2015.0.090/debugger/gdb/intel64_mic/share/man/:/opt/intel/composer_xe_2015.0.090/man/en_US:/opt/intel/composer_xe_2015.0.090/man/en_US:/opt/intel/composer_xe_2015.0.090/debugger/gdb/intel64/share/man/:/opt/intel/composer_xe_2015.0.090/debugger/gdb/intel64_mic/share/man/
  MIC_LD_LIBRARY_PATH=/opt/intel/composer_xe_2015.0.090/compiler/lib/mic:/opt/intel/composer_xe_2015.0.090/mpirt/lib/mic:/opt/intel/composer_xe_2015.0.090/mkl/lib/mic:/opt/intel/composer_xe_2015.0.090/tbb/lib/mic
  MIC_LIBRARY_PATH=/opt/intel/composer_xe_2015.0.090/compiler/lib/mic:/opt/intel/composer_xe_2015.0.090/mpirt/lib/mic:/opt/intel/composer_xe_2015.0.090/tbb/lib/mic
  MKLROOT=/opt/intel/composer_xe_2015.0.090/mkl
  MPM_LAUNCHER=/opt/intel/composer_xe_2015.0.090/debugger/mpm/bin/start_mpm.sh
  NLSPATH=/opt/intel/composer_xe_2015.0.090/compiler/lib/intel64/locale/%l_%t/%N:/opt/intel/composer_xe_2015.0.090/debugger/gdb/intel64_mic/share/locale/%l_%t/%N:/opt/intel/composer_xe_2015.0.090/debugger/gdb/intel64/share/locale/%l_%t/%N:/opt/intel/composer_xe_2015.0.090/ipp/lib/intel64/locale/%l_%t/%N:/opt/intel/composer_xe_2015.0.090/mkl/lib/intel64/locale/%l_%t/%N:/opt/intel/composer_xe_2015.0.090/debugger/gdb/intel64_mic/share/locale/%l_%t/%N:/opt/intel/composer_xe_2015.0.090/debugger/gdb/intel64/share/locale/%l_%t/%N
  OsType=linux
  PATH=/opt/intel/composer_xe_2015.0.090/bin/intel64:/opt/intel/composer_xe_2015.0.090/bin/ia32_intel64:/opt/intel/composer_xe_2015.0.090/bin/intel64_mic:/opt/intel/composer_xe_2015.0.090/debugger/gdb/intel64_mic/bin:/opt/intel/composer_xe_2015.0.090/mpirt/bin/intel64:/opt/intel/composer_xe_2015.0.090/debugger/gdb/intel64_mic/bin:/usr/local/sbin:/usr/local/bin:/usr/sbin:/usr/bin:/sbin:/bin:/usr/games:/usr/local/games
  PKG_CONFIG_PATH=/home/dmarce1/packages/intel64/lib/pkgconfig:/home/dmarce1/packages/debug/lib/pkgconfig
  PWD=/home/dmarce1/workspace/fmmx
  PathDelimiter=:
  ProjDirPath=/home/dmarce1/workspace/fmmx
  ProjName=fmmx
  QT4_IM_MODULE=xim
  QT_IM_MODULE=ibus
  QT_QPA_PLATFORMTHEME=appmenu-qt5
  SELINUX_INIT=YES
  SESSIONTYPE=gnome-session
  SHELL=/bin/bash
  SHLVL=1
  SSH_AUTH_SOCK=/run/user/1000/keyring-2oLQjO/ssh
  TBBROOT=/opt/intel/composer_xe_2015.0.090/tbb
  TERM=xterm
  TEXTDOMAIN=im-config
  TEXTDOMAINDIR=/usr/share/locale/
  ToolChainVersion=0.0.4
  UBUNTU_MENUPROXY=1
  UPSTART_EVENTS=started starting
  UPSTART_INSTANCE=
  UPSTART_JOB=gnome-settings-daemon
  UPSTART_SESSION=unix:abstract=/com/ubuntu/upstart-session/1000/1268
  USER=dmarce1
  VTE_VERSION=3409
  WINDOWID=35651596
  WorkspaceDirPath=/home/dmarce1/workspace
  XAUTHORITY=/home/dmarce1/.Xauthority
  XDG_CONFIG_DIRS=/etc/xdg/xdg-gnome-classic:/usr/share/upstart/xdg:/etc/xdg
  XDG_CURRENT_DESKTOP=GNOME
  XDG_DATA_DIRS=/usr/share/gnome-classic:/usr/share/gnome:/usr/local/share/:/usr/share/
  XDG_GREETER_DATA_DIR=/var/lib/lightdm-data/dmarce1
  XDG_RUNTIME_DIR=/run/user/1000
  XDG_SEAT=seat0
  XDG_SEAT_PATH=/org/freedesktop/DisplayManager/Seat0
  XDG_SESSION_ID=c1
  XDG_SESSION_PATH=/org/freedesktop/DisplayManager/Session0
  XDG_VTNR=7
  XMODIFIERS=@im=ibus
  _=./eclipse/eclipse
  build_files=null
  build_project=null
  build_type=none
  cdt_pathentry_var=null
  config_description=null
  config_name=null
  eclipse_home=/home/dmarce1/eclipse/
  env_var=null
  git_branch=
  git_dir=
  git_repo_relative_path=
  git_work_tree=
  payload=""
  payload_args=""
  ptp_lc=
  ptp_rm=null
  selected_resource_loc=/home/dmarce1/workspace/fmmx/src/node_server.cpp
  selected_resource_name=node_server.cpp
  selected_resource_path=/fmmx/src/node_server.cpp
  system=null
  system_path=null
  system_property=null
  user_workspace=neutrino_dmarce1
  workspace_loc=/home/dmarce1/workspace
{locality-id}: 0
{hostname}: 127.0.0.1:0
{process-id}: 12512
{function}: managed_component<Component, Derived>::get_checked
{file}: /home/dmarce1/packages/debug/include/hpx/runtime/components/server/managed_component_base.hpp
{line}: 506
{os-thread}: 3, worker-thread#3
{thread-id}: 0000000001110ee0
{thread-description}: N3hpx7actions7action2IM11node_serverFvNS_4lcos6futureINSt7__debug6vectorIdSaIdEEEEElEXadL_ZNS2_12set_boundaryES9_lEENS0_6detail9this_typeEEE
{state}: running
{auxinfo}: 
{config}:
  HPX_HAVE_NATIVE_TLS=ON
  HPX_HAVE_STACKTRACES=ON
  HPX_HAVE_COMPRESSION_BZIP2=OFF
  HPX_HAVE_COMPRESSION_SNAPPY=OFF
  HPX_HAVE_COMPRESSION_ZLIB=OFF
  HPX_HAVE_PARCEL_COALESCING=ON
  HPX_PARCELPORT_IPC=OFF
  HPX_PARCELPORT_IBVERBS=OFF
  HPX_HAVE_VERIFY_LOCKS=ON
  HPX_HAVE_HWLOC=ON
  HPX_HAVE_ITTNOTIFY=OFF
  HPX_LIMIT=5
  HPX_ACTION_ARGUMENT_LIMIT=5
  HPX_COMPONENT_CREATE_ARGUMENT_LIMIT=5
  HPX_FUNCTION_ARGUMENT_LIMIT=8
  HPX_LOCK_LIMIT=5
  HPX_TUPLE_LIMIT=8
  HPX_WAIT_ARGUMENT_LIMIT=5
  HPX_PARCEL_MAX_CONNECTIONS=512
  HPX_PARCEL_MAX_CONNECTIONS_PER_LOCALITY=4
  HPX_INITIAL_AGAS_LOCAL_CACHE_SIZE=256
  HPX_AGAS_LOCAL_CACHE_SIZE_PER_THREAD=32
  HPX_PREFIX (configured)=/home/dmarce1/builds/hpx_build
  HPX_PREFIX=/home/dmarce1/packages/debug
{version}: V0.9.10-trunk (AGAS: V3.0), Git: baa5553ab9f3f77f48ed46783b847941c994237c
{boost}: V1.56.0
{build-type}: debug
{date}: Nov 13 2014 01:10:53
{platform}: linux
{compiler}: GNU C++ version 4.9.1
{stdlib}: GNU libstdc++ version 20140728
{what}: component is NULL (component[30]) gid({000000015f000001, 0000000000311045}): HPX(invalid_status)

